-------------------------------------------------------------------------------
Test set: hello.ApplicationTests
-------------------------------------------------------------------------------
Tests run: 5, Failures: 3, Errors: 0, Skipped: 0, Time elapsed: 13.377 sec <<< FAILURE! - in hello.ApplicationTests
accessUnsecuredResourceThenOk(hello.ApplicationTests)  Time elapsed: 0.072 sec  <<< FAILURE!
java.lang.AssertionError: Status expected:<200> but was:<302>
	at org.springframework.test.util.AssertionErrors.fail(AssertionErrors.java:54)
	at org.springframework.test.util.AssertionErrors.assertEquals(AssertionErrors.java:81)
	at org.springframework.test.web.servlet.result.StatusResultMatchers$10.match(StatusResultMatchers.java:664)
	at org.springframework.test.web.servlet.MockMvc$1.andExpect(MockMvc.java:171)
	at hello.ApplicationTests.accessUnsecuredResourceThenOk(ApplicationTests.java:50)

loginWithValidUserThenAuthenticated(hello.ApplicationTests)  Time elapsed: 0.01 sec  <<< FAILURE!
java.lang.AssertionError: Authentication should not be null
	at org.springframework.test.util.AssertionErrors.fail(AssertionErrors.java:35)
	at org.springframework.test.util.AssertionErrors.assertTrue(AssertionErrors.java:65)
	at org.springframework.security.test.web.servlet.response.SecurityMockMvcResultMatchers$AuthenticatedMatcher.match(SecurityMockMvcResultMatchers.java:98)
	at org.springframework.test.web.servlet.MockMvc$1.andExpect(MockMvc.java:171)
	at hello.ApplicationTests.loginWithValidUserThenAuthenticated(ApplicationTests.java:34)

accessSecuredResourceAuthenticatedThenOk(hello.ApplicationTests)  Time elapsed: 0.034 sec  <<< FAILURE!
java.lang.AssertionError: Status expected:<200> but was:<404>
	at org.springframework.test.util.AssertionErrors.fail(AssertionErrors.java:54)
	at org.springframework.test.util.AssertionErrors.assertEquals(AssertionErrors.java:81)
	at org.springframework.test.web.servlet.result.StatusResultMatchers$10.match(StatusResultMatchers.java:664)
	at org.springframework.test.web.servlet.MockMvc$1.andExpect(MockMvc.java:171)
	at hello.ApplicationTests.accessSecuredResourceAuthenticatedThenOk(ApplicationTests.java:64)

